1 1 1 2 2 2 3 3 3 
4 4 4 5 5 5 6 6 6 
7 7 7 8 8 8 9 9 9 
10 10 10 11 11 11 12 12 12 
13 13 13 14 14 14 15 15 15 
16 16 16 17 17 17 18 18 18 
19 19 19 20 20 20 21 21 21 
22 22 22 23 23 23 24 24 24 
25 25 25 26 26 26 27 27 27 
28 28 28 29 29 29 30 30 30 
31 31 31 32 32 32 33 33 33 
34 34 34 35 35 35 36 36 36 

1 1 1 2 2 2 3 3 3 4 4 4 13 14
5 5 5 6 6 6 7 7 7 8 8 8 13 14
9 9 9 10 10 10 11 11 11 12 12 12 13 14
15 15 15 16 16 16 17 17 17 18 18 18 27 28
19 19 19 20 20 20 21 21 21 22 22 22 27 28
23 23 23 24 24 24 25 25 25 26 26 26 27 28
29 29 29 30 30 30 31 31 31 32 32 32 41 42
33 33 33 34 34 34 35 35 35 36 36 36 41 42
37 37 37 38 38 38 39 39 39 40 40 40 41 42
43 43 43 44 44 44 45 45 45 46 46 46 55 56
47 47 47 48 48 48 49 49 49 50 50 50 55 56
51 51 51 52 52 52 53 53 53 54 54 54 55 56

1 1 1 4 5
2 2 2 4 5
3 3 3 4 5
6 6 6 9 10
7 7 7 9 10
8 8 8 9 10
11 11 11 14 15
12 12 12 14 15
13 13 13 14 15
16 16 16 19 20
17 17 17 19 20
18 18 18 19 20
21 21 21 0 0

1 1 1 2 2 2 3 3 3 10 11
4 4 4 5 5 5 6 6 6 10 11
7 7 7 8 8 8 9 9 9 10 11
12 12 12 13 13 13 14 14 14 21 22
15 15 15 16 16 16 17 17 17 21 22
18 18 18 19 19 19 20 20 20 21 22
23 23 23 24 24 24 25 25 25 0 0

1 1 1 4
2 2 2 4
3 3 3 4
5 5 5 8
6 6 6 8
7 7 7 8
9 9 9 12
10 10 10 12
11 11 11 12
13 13 13 16
14 14 14 16
15 15 15 16
17 17 17 20
18 18 18 20
19 19 19 20

1 1 1 2 2 2 3 3 3 10
4 4 4 5 5 5 6 6 6 10
7 7 7 8 8 8 9 9 9 10
11 11 11 12 12 12 13 13 13 20
14 14 14 15 15 15 16 16 16 20
17 17 17 18 18 18 19 19 19 20
21 21 21 22 22 22 23 23 23 0
24 24 24 25 25 25 26 26 26 0

1 1 1 2 2 2 3 3 3 10 11
4 4 4 5 5 5 6 6 6 10 11
7 7 7 8 8 8 9 9 9 10 11
12 12 12 13 13 13 14 14 14 21 22
15 15 15 16 16 16 17 17 17 21 22
18 18 18 19 19 19 20 20 20 21 22
23 23 23 24 24 24 25 25 25 32 33
26 26 26 27 27 27 28 28 28 32 33
29 29 29 30 30 30 31 31 31 32 33
34 34 34 35 35 35 36 36 36 0 0

1 1 1 2 2 2 3 3 3 10
4 4 4 5 5 5 6 6 6 10
7 7 7 8 8 8 9 9 9 10
11 11 11 12 12 12 13 13 13 20
14 14 14 15 15 15 16 16 16 20
17 17 17 18 18 18 19 19 19 20
21 21 21 22 22 22 23 23 23 30
24 24 24 25 25 25 26 26 26 30
27 27 27 28 28 28 29 29 29 30
31 31 31 32 32 32 33 33 33 40
34 34 34 35 35 35 36 36 36 40
37 37 37 38 38 38 39 39 39 40

1 1 1 2 2 2 3 3 3 4 4 4 13
5 5 5 6 6 6 7 7 7 8 8 8 13
9 9 9 10 10 10 11 11 11 12 12 12 13
14 14 14 15 15 15 16 16 16 17 17 17 26
18 18 18 19 19 19 20 20 20 21 21 21 26
22 22 22 23 23 23 24 24 24 25 25 25 26
27 27 27 28 28 28 29 29 29 30 30 30 39
31 31 31 32 32 32 33 33 33 34 34 34 39
35 35 35 36 36 36 37 37 37 38 38 38 39
40 40 40 41 41 41 42 42 42 43 43 43 52
44 44 44 45 45 45 46 46 46 47 47 47 52
48 48 48 49 49 49 50 50 50 51 51 51 52
53 53 53 54 54 54 55 55 55 56 56 56 0

1 1 1 2 2 2 
3 3 3 4 4 4 
5 5 5 6 6 6 
7 7 7 8 8 8 
9 9 9 10 10 10 
11 11 11 12 12 12 
13 13 13 14 14 14 
15 15 15 16 16 16 
17 17 17 18 18 18 
19 19 19 20 20 20 
21 21 21 22 22 22 
23 23 23 24 24 24 
25 25 25 26 26 26 
27 27 27 28 28 28 
29 29 29 30 30 30 
31 31 31 32 32 32 
33 33 33 34 34 34 
35 35 35 36 36 36 