1 1 1 2 2 2 3 3 3 4 4 4 5 5 5 16 17
6 6 6 7 7 7 8 8 8 9 9 9 10 10 10 16 17
11 11 11 12 12 12 13 13 13 14 14 14 15 15 15 16 17
18 18 18 19 19 19 20 20 20 21 21 21 22 22 22 33 34
23 23 23 24 24 24 25 25 25 26 26 26 27 27 27 33 34
28 28 28 29 29 29 30 30 30 31 31 31 32 32 32 33 34
35 35 35 36 36 36 37 37 37 38 38 38 39 39 39 50 51
40 40 40 41 41 41 42 42 42 43 43 43 44 44 44 50 51
45 45 45 46 46 46 47 47 47 48 48 48 49 49 49 50 51
52 52 52 53 53 53 54 54 54 55 55 55 56 56 56 67 68
57 57 57 58 58 58 59 59 59 60 60 60 61 61 61 67 68
62 62 62 63 63 63 64 64 64 65 65 65 66 66 66 67 68
69 69 69 70 70 70 71 71 71 72 72 72 73 73 73 84 85
74 74 74 75 75 75 76 76 76 77 77 77 78 78 78 84 85
79 79 79 80 80 80 81 81 81 82 82 82 83 83 83 84 85
86 86 86 87 87 87 88 88 88 89 89 89 90 90 90 0 0

1 1 1 2 2 2 7
3 3 3 4 4 4 7
5 5 5 6 6 6 7
8 8 8 9 9 9 0

1 1 1 2 2 2 3 3 3 4 4 4 13
5 5 5 6 6 6 7 7 7 8 8 8 13
9 9 9 10 10 10 11 11 11 12 12 12 13
14 14 14 15 15 15 16 16 16 17 17 17 26
18 18 18 19 19 19 20 20 20 21 21 21 26
22 22 22 23 23 23 24 24 24 25 25 25 26

1 1 1 2 2 2 
3 3 3 4 4 4 
5 5 5 6 6 6 
7 7 7 8 8 8 
9 9 9 10 10 10 
11 11 11 12 12 12 
13 13 13 14 14 14 
15 15 15 16 16 16 
17 17 17 18 18 18 
19 19 19 20 20 20 
21 21 21 22 22 22 
23 23 23 24 24 24 
25 25 25 26 26 26 
27 27 27 28 28 28 
29 29 29 30 30 30 
31 31 31 32 32 32 
33 33 33 34 34 34 
35 35 35 36 36 36 

1 1 1 2 2 2 3 3 3 4 4 4 5 5 5 16
6 6 6 7 7 7 8 8 8 9 9 9 10 10 10 16
11 11 11 12 12 12 13 13 13 14 14 14 15 15 15 16
17 17 17 18 18 18 19 19 19 20 20 20 21 21 21 32
22 22 22 23 23 23 24 24 24 25 25 25 26 26 26 32
27 27 27 28 28 28 29 29 29 30 30 30 31 31 31 32
33 33 33 34 34 34 35 35 35 36 36 36 37 37 37 0
38 38 38 39 39 39 40 40 40 41 41 41 42 42 42 0

1 1 1 4 5
2 2 2 4 5
3 3 3 4 5
6 6 6 9 10
7 7 7 9 10
8 8 8 9 10
11 11 11 14 15
12 12 12 14 15
13 13 13 14 15
16 16 16 19 20
17 17 17 19 20
18 18 18 19 20
21 21 21 24 25
22 22 22 24 25
23 23 23 24 25
26 26 26 0 0

1 1 1 2 2 2 3 3 3 4 4 4 5 5 5 16 17
6 6 6 7 7 7 8 8 8 9 9 9 10 10 10 16 17
11 11 11 12 12 12 13 13 13 14 14 14 15 15 15 16 17
18 18 18 19 19 19 20 20 20 21 21 21 22 22 22 33 34
23 23 23 24 24 24 25 25 25 26 26 26 27 27 27 33 34
28 28 28 29 29 29 30 30 30 31 31 31 32 32 32 33 34
35 35 35 36 36 36 37 37 37 38 38 38 39 39 39 50 51
40 40 40 41 41 41 42 42 42 43 43 43 44 44 44 50 51
45 45 45 46 46 46 47 47 47 48 48 48 49 49 49 50 51
52 52 52 53 53 53 54 54 54 55 55 55 56 56 56 67 68
57 57 57 58 58 58 59 59 59 60 60 60 61 61 61 67 68
62 62 62 63 63 63 64 64 64 65 65 65 66 66 66 67 68
69 69 69 70 70 70 71 71 71 72 72 72 73 73 73 84 85
74 74 74 75 75 75 76 76 76 77 77 77 78 78 78 84 85
79 79 79 80 80 80 81 81 81 82 82 82 83 83 83 84 85

1 1 1 2 2 2 3 3 3 10 11
4 4 4 5 5 5 6 6 6 10 11
7 7 7 8 8 8 9 9 9 10 11
12 12 12 13 13 13 14 14 14 21 22
15 15 15 16 16 16 17 17 17 21 22
18 18 18 19 19 19 20 20 20 21 22
23 23 23 24 24 24 25 25 25 32 33
26 26 26 27 27 27 28 28 28 32 33
29 29 29 30 30 30 31 31 31 32 33
34 34 34 35 35 35 36 36 36 43 44
37 37 37 38 38 38 39 39 39 43 44
40 40 40 41 41 41 42 42 42 43 44
45 45 45 46 46 46 47 47 47 54 55
48 48 48 49 49 49 50 50 50 54 55
51 51 51 52 52 52 53 53 53 54 55
56 56 56 57 57 57 58 58 58 0 0

1 1 1 4
2 2 2 4
3 3 3 4
5 5 5 8
6 6 6 8
7 7 7 8
9 9 9 12
10 10 10 12
11 11 11 12
13 13 13 16
14 14 14 16
15 15 15 16
17 17 17 0
18 18 18 0

1 1 1 2 2 2 3 3 3 4 4 4 5 5 5 16 17
6 6 6 7 7 7 8 8 8 9 9 9 10 10 10 16 17
11 11 11 12 12 12 13 13 13 14 14 14 15 15 15 16 17
18 18 18 19 19 19 20 20 20 21 21 21 22 22 22 33 34
23 23 23 24 24 24 25 25 25 26 26 26 27 27 27 33 34
28 28 28 29 29 29 30 30 30 31 31 31 32 32 32 33 34
35 35 35 36 36 36 37 37 37 38 38 38 39 39 39 50 51
40 40 40 41 41 41 42 42 42 43 43 43 44 44 44 50 51
45 45 45 46 46 46 47 47 47 48 48 48 49 49 49 50 51
52 52 52 53 53 53 54 54 54 55 55 55 56 56 56 67 68
57 57 57 58 58 58 59 59 59 60 60 60 61 61 61 67 68
62 62 62 63 63 63 64 64 64 65 65 65 66 66 66 67 68
69 69 69 70 70 70 71 71 71 72 72 72 73 73 73 84 85
74 74 74 75 75 75 76 76 76 77 77 77 78 78 78 84 85
79 79 79 80 80 80 81 81 81 82 82 82 83 83 83 84 85
86 86 86 87 87 87 88 88 88 89 89 89 90 90 90 101 102
91 91 91 92 92 92 93 93 93 94 94 94 95 95 95 101 102
96 96 96 97 97 97 98 98 98 99 99 99 100 100 100 101 102